八月 19, 2015 2:43:05 下午 org.apache.catalina.core.AprLifecycleListener init
信息: The APR based Apache Tomcat Native library which allows optimal performance in production environments was not found on the java.library.path: C:\Program Files (x86)\Java\jdk1.7.0_55\bin;C:\Windows\Sun\Java\bin;C:\Windows\system32;C:\Windows;C:\Program Files (x86)\NVIDIA Corporation\PhysX\Common;C:\Windows\system32;C:\Windows;C:\Windows\System32\Wbem;C:\Windows\System32\WindowsPowerShell\v1.0\;F:\play-1.2.7;C:\Program Files (x86)\Java\jdk1.7.0_55\bin;C:\Program Files\TortoiseSVN\bin;D:\springMvc-spring-jdbc jar\memcached-win64;;.
八月 19, 2015 2:43:06 下午 org.apache.coyote.AbstractProtocol init
信息: Initializing ProtocolHandler ["http-bio-8080"]
八月 19, 2015 2:43:06 下午 org.apache.coyote.AbstractProtocol init
信息: Initializing ProtocolHandler ["ajp-bio-8009"]
八月 19, 2015 2:43:06 下午 org.apache.catalina.startup.Catalina load
信息: Initialization processed in 2948 ms
八月 19, 2015 2:43:06 下午 org.apache.catalina.core.StandardService startInternal
信息: Starting service Catalina
八月 19, 2015 2:43:06 下午 org.apache.catalina.core.StandardEngine startInternal
信息: Starting Servlet Engine: Apache Tomcat/7.0.53
八月 19, 2015 2:43:06 下午 org.apache.catalina.startup.HostConfig deployDirectory
信息: Deploying web application directory F:\tomcat-7-x86\apache-tomcat-7.0.53\webapps\docs
八月 19, 2015 2:43:08 下午 org.apache.catalina.util.SessionIdGenerator createSecureRandom
信息: Creation of SecureRandom instance for session ID generation using [SHA1PRNG] took [281] milliseconds.
八月 19, 2015 2:43:08 下午 org.apache.catalina.startup.HostConfig deployDirectory
信息: Deploying web application directory F:\tomcat-7-x86\apache-tomcat-7.0.53\webapps\examples
八月 19, 2015 2:43:09 下午 org.apache.catalina.startup.HostConfig deployDirectory
信息: Deploying web application directory F:\tomcat-7-x86\apache-tomcat-7.0.53\webapps\host-manager
八月 19, 2015 2:43:09 下午 org.apache.catalina.startup.HostConfig deployDirectory
信息: Deploying web application directory F:\tomcat-7-x86\apache-tomcat-7.0.53\webapps\manager
八月 19, 2015 2:43:09 下午 org.apache.catalina.startup.HostConfig deployDirectory
信息: Deploying web application directory F:\tomcat-7-x86\apache-tomcat-7.0.53\webapps\ROOT
八月 19, 2015 2:43:09 下午 org.apache.catalina.startup.HostConfig deployDirectory
信息: Deploying web application directory F:\tomcat-7-x86\apache-tomcat-7.0.53\webapps\wms
八月 19, 2015 2:43:26 下午 org.apache.catalina.core.StandardContext startInternal
严重: Error listenerStart
八月 19, 2015 2:43:26 下午 org.apache.catalina.core.StandardContext startInternal
严重: Context [/wms] startup failed due to previous errors
八月 19, 2015 2:43:26 下午 org.apache.catalina.loader.WebappClassLoader clearReferencesJdbc
严重: The web application [/wms] registered the JDBC driver [com.alibaba.druid.proxy.DruidDriver] but failed to unregister it when the web application was stopped. To prevent a memory leak, the JDBC Driver has been forcibly unregistered.
八月 19, 2015 2:43:26 下午 org.apache.catalina.loader.WebappClassLoader clearReferencesJdbc
严重: The web application [/wms] registered the JDBC driver [com.mysql.jdbc.Driver] but failed to unregister it when the web application was stopped. To prevent a memory leak, the JDBC Driver has been forcibly unregistered.
八月 19, 2015 2:43:26 下午 org.apache.catalina.loader.WebappClassLoader clearReferencesThreads
严重: The web application [/wms] appears to have started a thread named [Druid-ConnectionPool-Create-26701915] but has failed to stop it. This is very likely to create a memory leak.
八月 19, 2015 2:43:26 下午 org.apache.catalina.loader.WebappClassLoader clearReferencesThreads
严重: The web application [/wms] appears to have started a thread named [Druid-ConnectionPool-Destory-26701915] but has failed to stop it. This is very likely to create a memory leak.
八月 19, 2015 2:43:26 下午 org.apache.catalina.loader.WebappClassLoader clearReferencesThreads
严重: The web application [/wms] appears to have started a thread named [FileWatchdog] but has failed to stop it. This is very likely to create a memory leak.
八月 19, 2015 2:43:26 下午 org.apache.coyote.AbstractProtocol start
信息: Starting ProtocolHandler ["http-bio-8080"]
八月 19, 2015 2:43:26 下午 org.apache.coyote.AbstractProtocol start
信息: Starting ProtocolHandler ["ajp-bio-8009"]
八月 19, 2015 2:43:26 下午 org.apache.catalina.startup.Catalina start
信息: Server startup in 19419 ms
八月 19, 2015 2:44:11 下午 org.apache.catalina.core.AprLifecycleListener init
信息: The APR based Apache Tomcat Native library which allows optimal performance in production environments was not found on the java.library.path: C:\Program Files (x86)\Java\jdk1.7.0_55\bin;C:\Windows\Sun\Java\bin;C:\Windows\system32;C:\Windows;C:\Program Files (x86)\NVIDIA Corporation\PhysX\Common;C:\Windows\system32;C:\Windows;C:\Windows\System32\Wbem;C:\Windows\System32\WindowsPowerShell\v1.0\;F:\play-1.2.7;C:\Program Files (x86)\Java\jdk1.7.0_55\bin;C:\Program Files\TortoiseSVN\bin;D:\springMvc-spring-jdbc jar\memcached-win64;;.
八月 19, 2015 2:44:11 下午 org.apache.coyote.AbstractProtocol init
信息: Initializing ProtocolHandler ["http-bio-8080"]
八月 19, 2015 2:44:11 下午 org.apache.coyote.AbstractProtocol init
信息: Initializing ProtocolHandler ["ajp-bio-8009"]
八月 19, 2015 2:44:11 下午 org.apache.catalina.startup.Catalina load
信息: Initialization processed in 450 ms
八月 19, 2015 2:44:11 下午 org.apache.catalina.core.StandardService startInternal
信息: Starting service Catalina
八月 19, 2015 2:44:11 下午 org.apache.catalina.core.StandardEngine startInternal
信息: Starting Servlet Engine: Apache Tomcat/7.0.53
八月 19, 2015 2:44:11 下午 org.apache.catalina.startup.HostConfig deployDirectory
信息: Deploying web application directory F:\tomcat-7-x86\apache-tomcat-7.0.53\webapps\docs
八月 19, 2015 2:44:12 下午 org.apache.catalina.util.SessionIdGenerator createSecureRandom
信息: Creation of SecureRandom instance for session ID generation using [SHA1PRNG] took [188] milliseconds.
八月 19, 2015 2:44:12 下午 org.apache.catalina.startup.HostConfig deployDirectory
信息: Deploying web application directory F:\tomcat-7-x86\apache-tomcat-7.0.53\webapps\examples
八月 19, 2015 2:44:12 下午 org.apache.catalina.startup.HostConfig deployDirectory
信息: Deploying web application directory F:\tomcat-7-x86\apache-tomcat-7.0.53\webapps\host-manager
八月 19, 2015 2:44:12 下午 org.apache.catalina.startup.HostConfig deployDirectory
信息: Deploying web application directory F:\tomcat-7-x86\apache-tomcat-7.0.53\webapps\manager
八月 19, 2015 2:44:12 下午 org.apache.catalina.startup.HostConfig deployDirectory
信息: Deploying web application directory F:\tomcat-7-x86\apache-tomcat-7.0.53\webapps\ROOT
八月 19, 2015 2:44:12 下午 org.apache.catalina.startup.HostConfig deployDirectory
信息: Deploying web application directory F:\tomcat-7-x86\apache-tomcat-7.0.53\webapps\wms
八月 19, 2015 2:44:19 下午 org.apache.catalina.core.StandardContext startInternal
严重: Error listenerStart
八月 19, 2015 2:44:19 下午 org.apache.catalina.core.StandardContext startInternal
严重: Context [/wms] startup failed due to previous errors
八月 19, 2015 2:44:19 下午 org.apache.catalina.loader.WebappClassLoader clearReferencesJdbc
严重: The web application [/wms] registered the JDBC driver [com.alibaba.druid.proxy.DruidDriver] but failed to unregister it when the web application was stopped. To prevent a memory leak, the JDBC Driver has been forcibly unregistered.
八月 19, 2015 2:44:19 下午 org.apache.catalina.loader.WebappClassLoader clearReferencesJdbc
严重: The web application [/wms] registered the JDBC driver [com.mysql.jdbc.Driver] but failed to unregister it when the web application was stopped. To prevent a memory leak, the JDBC Driver has been forcibly unregistered.
八月 19, 2015 2:44:19 下午 org.apache.catalina.loader.WebappClassLoader clearReferencesThreads
严重: The web application [/wms] appears to have started a thread named [Druid-ConnectionPool-Create-8020007] but has failed to stop it. This is very likely to create a memory leak.
八月 19, 2015 2:44:19 下午 org.apache.catalina.loader.WebappClassLoader clearReferencesThreads
严重: The web application [/wms] appears to have started a thread named [Druid-ConnectionPool-Destory-8020007] but has failed to stop it. This is very likely to create a memory leak.
八月 19, 2015 2:44:19 下午 org.apache.catalina.loader.WebappClassLoader clearReferencesThreads
严重: The web application [/wms] appears to have started a thread named [FileWatchdog] but has failed to stop it. This is very likely to create a memory leak.
八月 19, 2015 2:44:19 下午 org.apache.coyote.AbstractProtocol start
信息: Starting ProtocolHandler ["http-bio-8080"]
八月 19, 2015 2:44:19 下午 org.apache.coyote.AbstractProtocol start
信息: Starting ProtocolHandler ["ajp-bio-8009"]
八月 19, 2015 2:44:19 下午 org.apache.catalina.startup.Catalina start
信息: Server startup in 7581 ms
