十月 22, 2014 3:27:20 下午 org.apache.catalina.core.AprLifecycleListener init
信息: Loaded APR based Apache Tomcat Native library 1.1.29 using APR version 1.4.8.
十月 22, 2014 3:27:20 下午 org.apache.catalina.core.AprLifecycleListener init
信息: APR capabilities: IPv6 [true], sendfile [true], accept filters [false], random [true].
十月 22, 2014 3:27:21 下午 org.apache.catalina.core.AprLifecycleListener initializeSSL
信息: OpenSSL successfully initialized (OpenSSL 1.0.1e 11 Feb 2013)
十月 22, 2014 3:27:22 下午 org.apache.coyote.AbstractProtocol init
信息: Initializing ProtocolHandler ["http-apr-8080"]
十月 22, 2014 3:27:22 下午 org.apache.coyote.AbstractProtocol init
信息: Initializing ProtocolHandler ["ajp-apr-8009"]
十月 22, 2014 3:27:22 下午 org.apache.catalina.startup.Catalina load
信息: Initialization processed in 3596 ms
十月 22, 2014 3:27:22 下午 org.apache.catalina.core.StandardService startInternal
信息: Starting service Catalina
十月 22, 2014 3:27:22 下午 org.apache.catalina.core.StandardEngine startInternal
信息: Starting Servlet Engine: Apache Tomcat/7.0.53
十月 22, 2014 3:27:22 下午 org.apache.catalina.startup.HostConfig deployWAR
信息: Deploying web application archive F:\tomcat-7-x86\apache-tomcat-7.0.53\webapps\wms.war
十月 22, 2014 3:27:45 下午 org.apache.catalina.core.StandardContext startInternal
严重: Error listenerStart
十月 22, 2014 3:27:45 下午 org.apache.catalina.core.StandardContext startInternal
严重: Context [/wms] startup failed due to previous errors
十月 22, 2014 3:27:45 下午 org.apache.catalina.loader.WebappClassLoader clearReferencesJdbc
严重: The web application [/wms] registered the JDBC driver [com.alibaba.druid.proxy.DruidDriver] but failed to unregister it when the web application was stopped. To prevent a memory leak, the JDBC Driver has been forcibly unregistered.
十月 22, 2014 3:27:45 下午 org.apache.catalina.loader.WebappClassLoader clearReferencesJdbc
严重: The web application [/wms] registered the JDBC driver [com.mysql.jdbc.Driver] but failed to unregister it when the web application was stopped. To prevent a memory leak, the JDBC Driver has been forcibly unregistered.
十月 22, 2014 3:27:45 下午 org.apache.catalina.loader.WebappClassLoader clearReferencesThreads
严重: The web application [/wms] appears to have started a thread named [Druid-ConnectionPool-Create-16588624] but has failed to stop it. This is very likely to create a memory leak.
十月 22, 2014 3:27:45 下午 org.apache.catalina.loader.WebappClassLoader clearReferencesThreads
严重: The web application [/wms] appears to have started a thread named [Druid-ConnectionPool-Destory-16588624] but has failed to stop it. This is very likely to create a memory leak.
十月 22, 2014 3:27:45 下午 org.apache.catalina.loader.WebappClassLoader clearReferencesThreads
严重: The web application [/wms] appears to have started a thread named [FileWatchdog] but has failed to stop it. This is very likely to create a memory leak.
十月 22, 2014 3:27:45 下午 org.apache.catalina.startup.HostConfig deployDirectory
信息: Deploying web application directory F:\tomcat-7-x86\apache-tomcat-7.0.53\webapps\docs
十月 22, 2014 3:27:45 下午 org.apache.catalina.startup.HostConfig deployDirectory
信息: Deploying web application directory F:\tomcat-7-x86\apache-tomcat-7.0.53\webapps\examples
十月 22, 2014 3:27:45 下午 org.apache.catalina.startup.HostConfig deployDirectory
信息: Deploying web application directory F:\tomcat-7-x86\apache-tomcat-7.0.53\webapps\host-manager
十月 22, 2014 3:27:45 下午 org.apache.catalina.startup.HostConfig deployDirectory
信息: Deploying web application directory F:\tomcat-7-x86\apache-tomcat-7.0.53\webapps\manager
十月 22, 2014 3:27:45 下午 org.apache.catalina.startup.HostConfig deployDirectory
信息: Deploying web application directory F:\tomcat-7-x86\apache-tomcat-7.0.53\webapps\ROOT
十月 22, 2014 3:27:46 下午 org.apache.coyote.AbstractProtocol start
信息: Starting ProtocolHandler ["http-apr-8080"]
十月 22, 2014 3:27:46 下午 org.apache.coyote.AbstractProtocol start
信息: Starting ProtocolHandler ["ajp-apr-8009"]
十月 22, 2014 3:27:46 下午 org.apache.catalina.startup.Catalina start
信息: Server startup in 23606 ms
