四月 26, 2016 2:14:14 下午 org.apache.catalina.core.ApplicationContext log
信息: No Spring WebApplicationInitializer types detected on classpath
四月 26, 2016 2:14:14 下午 org.apache.catalina.core.ApplicationContext log
信息: Initializing Spring root WebApplicationContext
四月 26, 2016 2:14:23 下午 org.apache.catalina.core.ApplicationContext log
信息: Set web app root system property: 'webapp.root' = [F:\java\tomcat-7-x86\apache-tomcat-7.0.53\webapps\expressCoe\]
四月 26, 2016 2:14:23 下午 org.apache.catalina.core.ApplicationContext log
信息: Initializing log4j from [classpath:log4j.properties]
四月 26, 2016 2:14:23 下午 org.apache.catalina.core.ApplicationContext log
信息: Initializing Spring FrameworkServlet 'spring'
四月 26, 2016 2:14:24 下午 org.apache.catalina.core.ApplicationContext log
信息: Destroying Spring FrameworkServlet 'spring'
四月 26, 2016 2:14:24 下午 org.apache.catalina.core.ApplicationContext log
信息: Shutting down log4j
四月 26, 2016 2:14:24 下午 org.apache.catalina.core.ApplicationContext log
信息: Closing Spring root WebApplicationContext
四月 26, 2016 2:14:38 下午 org.apache.catalina.core.ApplicationContext log
信息: No Spring WebApplicationInitializer types detected on classpath
四月 26, 2016 2:14:38 下午 org.apache.catalina.core.ApplicationContext log
信息: Initializing Spring root WebApplicationContext
四月 26, 2016 2:14:41 下午 org.apache.catalina.core.ApplicationContext log
信息: Set web app root system property: 'webapp.root' = [F:\java\tomcat-7-x86\apache-tomcat-7.0.53\webapps\expressCoe\]
四月 26, 2016 2:14:41 下午 org.apache.catalina.core.ApplicationContext log
信息: Initializing log4j from [classpath:log4j.properties]
四月 26, 2016 2:14:41 下午 org.apache.catalina.core.ApplicationContext log
信息: Initializing Spring FrameworkServlet 'spring'
